..\out\msvs\Debug\run_sample.ilk
..\out\msvs\Debug\run_sample.pdb
C:\Users\jseto\Documents\RAD Studio\Projects\jrtti\out\msvs\Debug\inter\cl.command.1.tlog
C:\Users\jseto\Documents\RAD Studio\Projects\jrtti\out\msvs\Debug\inter\CL.read.1.tlog
C:\Users\jseto\Documents\RAD Studio\Projects\jrtti\out\msvs\Debug\inter\CL.write.1.tlog
C:\Users\jseto\Documents\RAD Studio\Projects\jrtti\out\msvs\Debug\inter\link.4364.read.1.tlog
C:\Users\jseto\Documents\RAD Studio\Projects\jrtti\out\msvs\Debug\inter\link.4364.write.1.tlog
C:\Users\jseto\Documents\RAD Studio\Projects\jrtti\out\msvs\Debug\inter\link.4364-cvtres.read.1.tlog
C:\Users\jseto\Documents\RAD Studio\Projects\jrtti\out\msvs\Debug\inter\link.4364-cvtres.write.1.tlog
C:\Users\jseto\Documents\RAD Studio\Projects\jrtti\out\msvs\Debug\inter\link.command.1.tlog
C:\Users\jseto\Documents\RAD Studio\Projects\jrtti\out\msvs\Debug\inter\link.read.1.tlog
C:\Users\jseto\Documents\RAD Studio\Projects\jrtti\out\msvs\Debug\inter\link.write.1.tlog
C:\Users\jseto\Documents\RAD Studio\Projects\jrtti\out\msvs\Debug\inter\link-cvtres.read.1.tlog
C:\Users\jseto\Documents\RAD Studio\Projects\jrtti\out\msvs\Debug\inter\link-cvtres.write.1.tlog
C:\Users\jseto\Documents\RAD Studio\Projects\jrtti\out\msvs\Debug\inter\mt.command.1.tlog
C:\Users\jseto\Documents\RAD Studio\Projects\jrtti\out\msvs\Debug\inter\mt.read.1.tlog
C:\Users\jseto\Documents\RAD Studio\Projects\jrtti\out\msvs\Debug\inter\mt.write.1.tlog
C:\Users\jseto\Documents\RAD Studio\Projects\jrtti\out\msvs\Debug\inter\rc.command.1.tlog
C:\Users\jseto\Documents\RAD Studio\Projects\jrtti\out\msvs\Debug\inter\rc.read.1.tlog
C:\Users\jseto\Documents\RAD Studio\Projects\jrtti\out\msvs\Debug\inter\rc.write.1.tlog
C:\USERS\JSETO\DOCUMENTS\RAD STUDIO\PROJECTS\JRTTI\OUT\MSVS\DEBUG\INTER\RUN_SAMPLE.EXE.EMBED.MANIFEST
C:\USERS\JSETO\DOCUMENTS\RAD STUDIO\PROJECTS\JRTTI\OUT\MSVS\DEBUG\INTER\RUN_SAMPLE.EXE.EMBED.MANIFEST.RES
C:\USERS\JSETO\DOCUMENTS\RAD STUDIO\PROJECTS\JRTTI\OUT\MSVS\DEBUG\INTER\RUN_SAMPLE.EXE.INTERMEDIATE.MANIFEST
C:\USERS\JSETO\DOCUMENTS\RAD STUDIO\PROJECTS\JRTTI\OUT\MSVS\DEBUG\INTER\RUN_SAMPLE.OBJ
C:\Users\jseto\Documents\RAD Studio\Projects\jrtti\out\msvs\Debug\inter\run_sample_manifest.rc
C:\USERS\JSETO\DOCUMENTS\RAD STUDIO\PROJECTS\JRTTI\OUT\MSVS\DEBUG\INTER\SAMPLE.OBJ
C:\Users\jseto\Documents\RAD Studio\Projects\jrtti\out\msvs\Debug\inter\vc100.idb
C:\USERS\JSETO\DOCUMENTS\RAD STUDIO\PROJECTS\JRTTI\OUT\MSVS\DEBUG\INTER\VC100.PDB
C:\USERS\JSETO\DOCUMENTS\RAD STUDIO\PROJECTS\JRTTI\OUT\MSVS\DEBUG\RUN_SAMPLE.EXE
C:\USERS\JSETO\DOCUMENTS\RAD STUDIO\PROJECTS\JRTTI\OUT\MSVS\DEBUG\RUN_SAMPLE.ILK
C:\USERS\JSETO\DOCUMENTS\RAD STUDIO\PROJECTS\JRTTI\OUT\MSVS\DEBUG\RUN_SAMPLE.PDB
C:\Users\jseto\Documents\RAD Studio\Projects\jrtti\test\..\out\msvs\Debug\run_sample.exe
